17:14:10 INFO  : Registering command handlers for SDK TCF services
17:14:11 INFO  : Launching XSCT server: xsct.bat -interactive F:\intel_project\AX7010_CD\16_ov5640_dual\ov5640_dual.sdk\temp_xsdb_launch_script.tcl
17:14:13 INFO  : XSCT server has started successfully.
17:14:14 INFO  : Successfully done setting XSCT server connection channel  
17:14:14 INFO  : Successfully done setting SDK workspace  
17:14:14 INFO  : Processing command line option -hwspec F:/intel_project/AX7010_CD/16_ov5640_dual/ov5640_dual.sdk/system_wrapper.hdf.
17:15:27 INFO  : Connected to target on host '127.0.0.1' and port '3121'.
17:15:27 INFO  : Jtag cable 'Digilent JTAG-HS1 210512180081' is selected.
17:15:27 INFO  : 'jtag frequency' command is executed.
17:15:27 INFO  : Sourcing of 'F:/intel_project/AX7010_CD/16_ov5640_dual/ov5640_dual.sdk/system_wrapper_hw_platform_0/ps7_init.tcl' is done.
17:15:27 INFO  : Context for 'APU' is selected.
17:15:28 INFO  : System reset is completed.
17:15:31 INFO  : 'after 3000' command is executed.
17:15:31 INFO  : 'targets -set -filter {jtag_cable_name =~ "Digilent JTAG-HS1 210512180081" && level==0} -index 1' command is executed.
17:15:31 INFO  : FPGA configured successfully with bitstream "F:/intel_project/AX7010_CD/16_ov5640_dual/ov5640_dual.sdk/system_wrapper_hw_platform_0/system_wrapper.bit"
17:15:32 INFO  : Context for 'APU' is selected.
17:15:32 INFO  : Hardware design information is loaded from 'F:/intel_project/AX7010_CD/16_ov5640_dual/ov5640_dual.sdk/system_wrapper_hw_platform_0/system.hdf'.
17:15:32 INFO  : 'configparams force-mem-access 1' command is executed.
17:15:32 INFO  : Context for 'APU' is selected.
17:15:32 INFO  : 'ps7_init' command is executed.
17:15:32 INFO  : 'ps7_post_config' command is executed.
17:15:32 INFO  : Context for processor 'ps7_cortexa9_0' is selected.
17:15:32 INFO  : The application 'F:/intel_project/AX7010_CD/16_ov5640_dual/ov5640_dual.sdk/dual_ov5640_test/Debug/dual_ov5640_test.elf' is downloaded to processor 'ps7_cortexa9_0'.
17:15:32 INFO  : 'configparams force-mem-access 0' command is executed.
17:15:32 INFO  : ----------------XSDB Script----------------
connect -url tcp:127.0.0.1:3121
source F:/intel_project/AX7010_CD/16_ov5640_dual/ov5640_dual.sdk/system_wrapper_hw_platform_0/ps7_init.tcl
targets -set -nocase -filter {name =~"APU*" && jtag_cable_name =~ "Digilent JTAG-HS1 210512180081"} -index 0
rst -system
after 3000
targets -set -filter {jtag_cable_name =~ "Digilent JTAG-HS1 210512180081" && level==0} -index 1
fpga -file F:/intel_project/AX7010_CD/16_ov5640_dual/ov5640_dual.sdk/system_wrapper_hw_platform_0/system_wrapper.bit
targets -set -nocase -filter {name =~"APU*" && jtag_cable_name =~ "Digilent JTAG-HS1 210512180081"} -index 0
loadhw -hw F:/intel_project/AX7010_CD/16_ov5640_dual/ov5640_dual.sdk/system_wrapper_hw_platform_0/system.hdf -mem-ranges [list {0x40000000 0xbfffffff}]
configparams force-mem-access 1
targets -set -nocase -filter {name =~"APU*" && jtag_cable_name =~ "Digilent JTAG-HS1 210512180081"} -index 0
ps7_init
ps7_post_config
targets -set -nocase -filter {name =~ "ARM*#0" && jtag_cable_name =~ "Digilent JTAG-HS1 210512180081"} -index 0
dow F:/intel_project/AX7010_CD/16_ov5640_dual/ov5640_dual.sdk/dual_ov5640_test/Debug/dual_ov5640_test.elf
configparams force-mem-access 0
----------------End of Script----------------

17:15:32 INFO  : Memory regions updated for context APU
17:15:32 INFO  : Context for processor 'ps7_cortexa9_0' is selected.
17:15:33 INFO  : 'con' command is executed.
17:15:33 INFO  : ----------------XSDB Script (After Launch)----------------
targets -set -nocase -filter {name =~ "ARM*#0" && jtag_cable_name =~ "Digilent JTAG-HS1 210512180081"} -index 0
con
----------------End of Script----------------

17:15:33 INFO  : Launch script is exported to file 'F:\intel_project\AX7010_CD\16_ov5640_dual\ov5640_dual.sdk\.sdk\launch_scripts\xilinx_c-c++_application_(system_debugger)\system_debugger_using_debug_dual_ov5640_test.elf_on_local.tcl'
19:35:43 INFO  : Registering command handlers for SDK TCF services
19:35:43 INFO  : Launching XSCT server: xsct.bat -interactive F:\intel_project\AX7010\16_ov5640_dual\ov5640_dual.sdk\temp_xsdb_launch_script.tcl
19:35:45 INFO  : XSCT server has started successfully.
19:35:47 INFO  : Successfully done setting XSCT server connection channel  
19:35:47 INFO  : Processing command line option -hwspec F:/intel_project/AX7010/16_ov5640_dual/ov5640_dual.sdk/system_wrapper.hdf.
19:35:47 INFO  : Successfully done setting SDK workspace  
19:40:02 INFO  : Invoking Bootgen: bootgen -image dual_ov5640_test.bif -arch zynq -o F:\intel_project\AX7010\16_ov5640_dual\bootimage\BOOT.bin -w on
19:40:02 INFO  : Overwriting existing bif file F:\intel_project\AX7010\16_ov5640_dual\bootimage\dual_ov5640_test.bif
19:40:03 INFO  : Bootgen command execution is done.
19:40:22 INFO  : Launching XSCT server: xsct.bat -interactive F:\intel_project\AX7010\16_ov5640_dual\ov5640_dual.sdk\temp_xsdb_launch_script.tcl
19:40:23 INFO  : XSCT server has started successfully.
19:40:24 INFO  : Successfully done setting XSCT server connection channel  
19:40:24 INFO  : Successfully done setting SDK workspace  
19:40:29 INFO  : Registering command handlers for SDK TCF services
19:40:29 INFO  : Processing command line option -hwspec F:/intel_project/AX7010/16_ov5640_dual/ov5640_dual.sdk/system_wrapper.hdf.
19:40:30 INFO  : Checking for hwspec changes in the project system_wrapper_hw_platform_0.
19:40:39 INFO  : Connected to target on host '127.0.0.1' and port '3121'.
19:40:39 INFO  : Jtag cable 'Digilent JTAG-HS1 210512180081' is selected.
19:40:39 INFO  : 'jtag frequency' command is executed.
19:40:39 INFO  : Sourcing of 'F:/intel_project/AX7010/16_ov5640_dual/ov5640_dual.sdk/system_wrapper_hw_platform_0/ps7_init.tcl' is done.
19:40:39 INFO  : Context for 'APU' is selected.
19:40:39 INFO  : System reset is completed.
19:40:42 INFO  : 'after 3000' command is executed.
19:40:42 INFO  : 'targets -set -filter {jtag_cable_name =~ "Digilent JTAG-HS1 210512180081" && level==0} -index 1' command is executed.
19:40:43 INFO  : FPGA configured successfully with bitstream "F:/intel_project/AX7010/16_ov5640_dual/ov5640_dual.sdk/system_wrapper_hw_platform_0/system_wrapper.bit"
19:40:43 INFO  : Context for 'APU' is selected.
19:40:43 INFO  : Hardware design information is loaded from 'F:/intel_project/AX7010/16_ov5640_dual/ov5640_dual.sdk/system_wrapper_hw_platform_0/system.hdf'.
19:40:43 INFO  : 'configparams force-mem-access 1' command is executed.
19:40:43 INFO  : Context for 'APU' is selected.
19:40:44 INFO  : 'ps7_init' command is executed.
19:40:44 INFO  : 'ps7_post_config' command is executed.
19:40:44 INFO  : Context for processor 'ps7_cortexa9_0' is selected.
19:40:44 INFO  : The application 'F:/intel_project/AX7010/16_ov5640_dual/ov5640_dual.sdk/dual_ov5640_test/Debug/dual_ov5640_test.elf' is downloaded to processor 'ps7_cortexa9_0'.
19:40:44 INFO  : 'configparams force-mem-access 0' command is executed.
19:40:44 INFO  : ----------------XSDB Script----------------
connect -url tcp:127.0.0.1:3121
source F:/intel_project/AX7010/16_ov5640_dual/ov5640_dual.sdk/system_wrapper_hw_platform_0/ps7_init.tcl
targets -set -nocase -filter {name =~"APU*" && jtag_cable_name =~ "Digilent JTAG-HS1 210512180081"} -index 0
rst -system
after 3000
targets -set -filter {jtag_cable_name =~ "Digilent JTAG-HS1 210512180081" && level==0} -index 1
fpga -file F:/intel_project/AX7010/16_ov5640_dual/ov5640_dual.sdk/system_wrapper_hw_platform_0/system_wrapper.bit
targets -set -nocase -filter {name =~"APU*" && jtag_cable_name =~ "Digilent JTAG-HS1 210512180081"} -index 0
loadhw -hw F:/intel_project/AX7010/16_ov5640_dual/ov5640_dual.sdk/system_wrapper_hw_platform_0/system.hdf -mem-ranges [list {0x40000000 0xbfffffff}]
configparams force-mem-access 1
targets -set -nocase -filter {name =~"APU*" && jtag_cable_name =~ "Digilent JTAG-HS1 210512180081"} -index 0
ps7_init
ps7_post_config
targets -set -nocase -filter {name =~ "ARM*#0" && jtag_cable_name =~ "Digilent JTAG-HS1 210512180081"} -index 0
dow F:/intel_project/AX7010/16_ov5640_dual/ov5640_dual.sdk/dual_ov5640_test/Debug/dual_ov5640_test.elf
configparams force-mem-access 0
----------------End of Script----------------

19:40:44 INFO  : Memory regions updated for context APU
19:40:44 INFO  : Context for processor 'ps7_cortexa9_0' is selected.
19:40:44 INFO  : 'con' command is executed.
19:40:44 INFO  : ----------------XSDB Script (After Launch)----------------
targets -set -nocase -filter {name =~ "ARM*#0" && jtag_cable_name =~ "Digilent JTAG-HS1 210512180081"} -index 0
con
----------------End of Script----------------

19:40:44 INFO  : Launch script is exported to file 'F:\intel_project\AX7010\16_ov5640_dual\ov5640_dual.sdk\.sdk\launch_scripts\xilinx_c-c++_application_(system_debugger)\system_debugger_using_debug_dual_ov5640_test.elf_on_local.tcl'
19:43:02 INFO  : Disconnected from the channel tcfchan#1.
15:43:45 INFO  : Launching XSCT server: xsct.bat -interactive E:\Vivado\course_s2_sdk\17_ov5640_dual\ov5640_dual.sdk\temp_xsdb_launch_script.tcl
15:43:47 INFO  : XSCT server has started successfully.
15:43:47 INFO  : Successfully done setting XSCT server connection channel  
15:43:48 INFO  : Successfully done setting SDK workspace  
15:43:55 INFO  : Registering command handlers for SDK TCF services
15:43:55 INFO  : Processing command line option -hwspec E:/Vivado/course_s2_sdk/17_ov5640_dual/ov5640_dual.sdk/system_wrapper.hdf.
